### 17.08.2019 20:55:27



### 17.08.2019 20:56:14
Array
(
    [catalog] => Array
        (
            [0] => Спички
            [1] => Метла
            [2] => Ведро
        )

)



### 20.08.2019 20:53:48
Array
(
    [catalog] => Array
        (
            [0] => Спички
            [1] => Метла
            [2] => Ведро
        )

)



### 20.08.2019 20:53:51
Array
(
    [catalog] => Array
        (
            [0] => Спички
            [1] => Метла
            [2] => Ведро
        )

)



### 20.08.2019 20:53:52
Array
(
    [catalog] => Array
        (
            [0] => Спички
            [1] => Метла
            [2] => Ведро
        )

)



### 20.08.2019 20:53:57
Array
(
    [catalog] => Array
        (
            [0] => Спички
            [1] => Метла
            [2] => Ведро
        )

)



### 20.08.2019 20:53:58
Array
(
    [catalog] => Array
        (
            [0] => Спички
            [1] => Метла
            [2] => Ведро
        )

)



### 20.08.2019 20:57:36
Array
(
    [catalog] => Array
        (
            [0] => Спички
            [1] => Метла
            [2] => Ведро
        )

)



### 20.08.2019 20:57:37
Array
(
    [catalog] => Array
        (
            [0] => Спички
            [1] => Метла
            [2] => Ведро
        )

)



### 20.08.2019 20:57:40
Array
(
    [catalog] => Array
        (
            [0] => Спички
            [1] => Метла
            [2] => Ведро
        )

)



### 20.08.2019 20:57:59
Array
(
    [catalog] => Array
        (
            [0] => Спички
            [1] => Метла
            [2] => Ведро
        )

)



### 20.08.2019 21:01:04
Array
(
    [catalog] => Array
        (
            [0] => Спички
            [1] => Метла
            [2] => Ведро
        )

)



### 20.08.2019 21:01:06
Array
(
    [catalog] => Array
        (
            [0] => Спички
            [1] => Метла
            [2] => Ведро
        )

)



### 20.08.2019 21:01:07
Array
(
    [catalog] => Array
        (
            [0] => Спички
            [1] => Метла
            [2] => Ведро
        )

)



### 20.08.2019 21:01:09
Array
(
    [catalog] => Array
        (
            [0] => Спички
            [1] => Метла
            [2] => Ведро
        )

)



### 20.08.2019 21:01:11
Array
(
    [catalog] => Array
        (
            [0] => Спички
            [1] => Метла
            [2] => Ведро
        )

)



### 20.08.2019 21:04:06
Array
(
    [catalog] => Array
        (
            [0] => Спички
            [1] => Метла
            [2] => Ведро
        )

)



### 20.08.2019 21:04:07
Array
(
    [catalog] => Array
        (
            [0] => Спички
            [1] => Метла
            [2] => Ведро
        )

)



### 20.08.2019 21:04:08
Array
(
    [catalog] => Array
        (
            [0] => Спички
            [1] => Метла
            [2] => Ведро
        )

)



### 20.08.2019 21:04:09
Array
(
    [catalog] => Array
        (
            [0] => Спички
            [1] => Метла
            [2] => Ведро
        )

)



### 20.08.2019 21:24:47
Array
(
    [catalog] => Array
        (
            [0] => Спички
            [1] => Метла
            [2] => Ведро
        )

)



### 20.08.2019 21:28:17
Array
(
    [catalog] => Array
        (
            [0] => Спички
            [1] => Метла
            [2] => Ведро
        )

)



### 20.08.2019 21:28:18
Array
(
    [catalog] => Array
        (
            [0] => Спички
            [1] => Метла
            [2] => Ведро
        )

)



### 24.08.2019 21:10:22
Array
(
    [catalog] => Array
        (
            [0] => Спички
            [1] => Метла
            [2] => Ведро
        )

)



### 24.08.2019 21:10:27
Array
(
    [catalog] => Array
        (
            [0] => Спички
            [1] => Метла
            [2] => Ведро
        )

)



### 24.08.2019 21:10:29
Array
(
    [catalog] => Array
        (
            [0] => Спички
            [1] => Метла
            [2] => Ведро
        )

)



### 24.08.2019 21:10:34
Array
(
    [catalog] => Array
        (
            [0] => Спички
            [1] => Метла
            [2] => Ведро
        )

)



### 24.08.2019 21:10:37
Array
(
    [catalog] => Array
        (
            [0] => Спички
            [1] => Метла
            [2] => Ведро
        )

)



### 24.08.2019 21:18:25
Array
(
    [catalog] => Array
        (
            [0] => Спички
            [1] => Метла
            [2] => Ведро
        )

)



### 24.08.2019 21:20:43
Array
(
    [catalog] => Array
        (
            [0] => Спички
            [1] => Метла
            [2] => Ведро
        )

)



### 26.08.2019 21:40:47
Array
(
    [catalog] => Array
        (
            [0] => Спички
            [1] => Метла
            [2] => Ведро
        )

)



### 26.08.2019 21:40:53
Array
(
    [catalog] => Array
        (
            [0] => Спички
            [1] => Метла
            [2] => Ведро
        )

)



### 27.08.2019 04:55:53
Array
(
    [catalog] => Array
        (
            [0] => Спички
            [1] => Метла
            [2] => Ведро
        )

)



### 27.08.2019 04:55:58
Array
(
    [catalog] => Array
        (
            [0] => Спички
            [1] => Метла
            [2] => Ведро
        )

)



### 27.08.2019 04:56:02
Array
(
    [catalog] => Array
        (
            [0] => Спички
            [1] => Метла
            [2] => Ведро
        )

)



### 27.08.2019 04:56:29
Array
(
    [catalog] => Array
        (
            [0] => Спички
            [1] => Метла
            [2] => Ведро
        )

)



### 27.08.2019 04:57:11
Array
(
    [catalog] => Array
        (
            [0] => Спички
            [1] => Метла
            [2] => Ведро
        )

)



### 27.08.2019 04:57:12
Array
(
    [catalog] => Array
        (
            [0] => Спички
            [1] => Метла
            [2] => Ведро
        )

)



### 27.08.2019 04:57:12
Array
(
    [catalog] => Array
        (
            [0] => Спички
            [1] => Метла
            [2] => Ведро
        )

)



### 27.08.2019 04:57:13
Array
(
    [catalog] => Array
        (
            [0] => Спички
            [1] => Метла
            [2] => Ведро
        )

)



### 27.08.2019 04:57:54
Array
(
    [catalog] => Array
        (
            [0] => Спички
            [1] => Метла
            [2] => Ведро
        )

)



### 27.08.2019 05:00:02
Array
(
    [catalog] => Array
        (
            [0] => Спички
            [1] => Метла
            [2] => Ведро
        )

)



### 27.08.2019 05:16:40
Array
(
    [catalog] => Array
        (
            [0] => Спички
            [1] => Метла
            [2] => Ведро
        )

)



### 27.08.2019 05:46:10
Array
(
    [catalog] => Array
        (
            [0] => Спички
            [1] => Метла
            [2] => Ведро
        )

)



### 27.08.2019 09:06:13
Array
(
    [catalog] => Array
        (
            [0] => Спички
            [1] => Метла
            [2] => Ведро
        )

)



### 27.08.2019 09:25:29
Array
(
    [catalog] => Array
        (
            [0] => Спички
            [1] => Метла
            [2] => Ведро
        )

)



### 27.08.2019 09:55:39
Array
(
    [catalog] => Array
        (
            [0] => Спички
            [1] => Метла
            [2] => Ведро
        )

)



### 27.08.2019 10:00:16
Array
(
    [catalog] => Array
        (
            [0] => Array
                (
                    [id] => 4
                    [name] => Ведро
                    [price] => 30
                )

            [1] => Array
                (
                    [id] => 3
                    [name] => Зажигалка
                    [price] => 20
                )

            [2] => Array
                (
                    [id] => 2
                    [name] => Лрпата
                    [price] => 100
                )

            [3] => Array
                (
                    [id] => 1
                    [name] => Спички
                    [price] => 0,10
                )

        )

)



### 27.08.2019 10:00:17
Array
(
    [catalog] => Array
        (
            [0] => Array
                (
                    [id] => 4
                    [name] => Ведро
                    [price] => 30
                )

            [1] => Array
                (
                    [id] => 3
                    [name] => Зажигалка
                    [price] => 20
                )

            [2] => Array
                (
                    [id] => 2
                    [name] => Лрпата
                    [price] => 100
                )

            [3] => Array
                (
                    [id] => 1
                    [name] => Спички
                    [price] => 0,10
                )

        )

)



### 27.08.2019 10:00:18
Array
(
    [catalog] => Array
        (
            [0] => Array
                (
                    [id] => 4
                    [name] => Ведро
                    [price] => 30
                )

            [1] => Array
                (
                    [id] => 3
                    [name] => Зажигалка
                    [price] => 20
                )

            [2] => Array
                (
                    [id] => 2
                    [name] => Лрпата
                    [price] => 100
                )

            [3] => Array
                (
                    [id] => 1
                    [name] => Спички
                    [price] => 0,10
                )

        )

)



### 27.08.2019 10:01:27
Array
(
    [catalog] => Array
        (
            [0] => Array
                (
                    [id] => 4
                    [name] => Ведро
                    [price] => 30
                )

            [1] => Array
                (
                    [id] => 3
                    [name] => Зажигалка
                    [price] => 20
                )

            [2] => Array
                (
                    [id] => 2
                    [name] => Лрпата
                    [price] => 100
                )

            [3] => Array
                (
                    [id] => 1
                    [name] => Спички
                    [price] => 0,10
                )

        )

)



### 27.08.2019 10:01:58
Array
(
    [catalog] => Array
        (
            [0] => Array
                (
                    [id] => 4
                    [name] => Ведро
                    [price] => 30
                )

            [1] => Array
                (
                    [id] => 3
                    [name] => Зажигалка
                    [price] => 20
                )

            [2] => Array
                (
                    [id] => 2
                    [name] => Лрпата
                    [price] => 100
                )

            [3] => Array
                (
                    [id] => 1
                    [name] => Спички
                    [price] => 0,10
                )

        )

)



### 27.08.2019 10:02:30
Array
(
    [catalog] => Array
        (
            [0] => Array
                (
                    [id] => 4
                    [name] => Ведро
                    [price] => 30
                )

            [1] => Array
                (
                    [id] => 3
                    [name] => Зажигалка
                    [price] => 20
                )

            [2] => Array
                (
                    [id] => 2
                    [name] => Лрпата
                    [price] => 100
                )

            [3] => Array
                (
                    [id] => 1
                    [name] => Спички
                    [price] => 0,10
                )

        )

)



### 27.08.2019 10:02:47
Array
(
    [catalog] => Array
        (
            [0] => Array
                (
                    [id] => 4
                    [name] => Ведро
                    [price] => 30
                )

            [1] => Array
                (
                    [id] => 3
                    [name] => Зажигалка
                    [price] => 20
                )

            [2] => Array
                (
                    [id] => 2
                    [name] => Лрпата
                    [price] => 100
                )

            [3] => Array
                (
                    [id] => 1
                    [name] => Спички
                    [price] => 0,10
                )

        )

)



### 27.08.2019 10:02:55
Array
(
    [catalog] => Array
        (
            [0] => Array
                (
                    [id] => 4
                    [name] => Ведро
                    [price] => 30
                )

            [1] => Array
                (
                    [id] => 3
                    [name] => Зажигалка
                    [price] => 20
                )

            [2] => Array
                (
                    [id] => 2
                    [name] => Лрпата
                    [price] => 100
                )

            [3] => Array
                (
                    [id] => 1
                    [name] => Спички
                    [price] => 0,10
                )

        )

)



### 27.08.2019 10:54:24
Array
(
    [catalog] => Array
        (
            [0] => Array
                (
                    [id] => 4
                    [name] => Ведро
                    [price] => 30
                    [information] => 
                )

            [1] => Array
                (
                    [id] => 3
                    [name] => Зажигалка
                    [price] => 20
                    [information] => 
                )

            [2] => Array
                (
                    [id] => 2
                    [name] => Лрпата
                    [price] => 100
                    [information] => 
                )

            [3] => Array
                (
                    [id] => 1
                    [name] => Спички
                    [price] => 0,10
                    [information] => 
                )

        )

)



### 27.08.2019 10:55:53
Array
(
    [catalog] => Array
        (
            [0] => Array
                (
                    [id] => 4
                    [name] => Ведро
                    [price] => 30
                    [information] => 
                )

            [1] => Array
                (
                    [id] => 3
                    [name] => Зажигалка
                    [price] => 20
                    [information] => 
                )

            [2] => Array
                (
                    [id] => 2
                    [name] => Лрпата
                    [price] => 100
                    [information] => 
                )

            [3] => Array
                (
                    [id] => 1
                    [name] => Спички
                    [price] => 0,10
                    [information] => 
                )

        )

)



### 27.08.2019 10:56:19
Array
(
    [catalog] => Array
        (
            [0] => Array
                (
                    [id] => 4
                    [name] => Ведро
                    [price] => 30
                    [information] => 
                )

            [1] => Array
                (
                    [id] => 3
                    [name] => Зажигалка
                    [price] => 20
                    [information] => 
                )

            [2] => Array
                (
                    [id] => 2
                    [name] => Лрпата
                    [price] => 100
                    [information] => 
                )

            [3] => Array
                (
                    [id] => 1
                    [name] => Спички
                    [price] => 0,10
                    [information] => 
                )

        )

)



### 27.08.2019 10:57:59
Array
(
    [catalog] => Array
        (
            [0] => Array
                (
                    [id] => 4
                    [name] => Ведро
                    [price] => 30
                    [information] => 
                )

            [1] => Array
                (
                    [id] => 3
                    [name] => Зажигалка
                    [price] => 20
                    [information] => 
                )

            [2] => Array
                (
                    [id] => 2
                    [name] => Лрпата
                    [price] => 100
                    [information] => 
                )

            [3] => Array
                (
                    [id] => 1
                    [name] => Спички
                    [price] => 0,10
                    [information] => 
                )

        )

)



### 27.08.2019 11:08:57
Array
(
    [catalog] => Array
        (
            [0] => Array
                (
                    [id] => 7
                    [name] => Грабли
                    [price] => 120
                    [information] => Грабли деревянные
                )

            [1] => Array
                (
                    [id] => 6
                    [name] => Лопата
                    [price] => 100
                    [information] => Лопата штыковая
                )

            [2] => Array
                (
                    [id] => 5
                    [name] => Спички
                    [price] => 0,10
                    [information] => Описание: Спички
                )

        )

)



### 27.08.2019 11:09:43
Array
(
    [catalog] => Array
        (
            [0] => Array
                (
                    [id] => 7
                    [name] => Грабли
                    [price] => 120
                    [information] => Грабли деревянные
                )

            [1] => Array
                (
                    [id] => 6
                    [name] => Лопата
                    [price] => 100
                    [information] => Лопата штыковая
                )

            [2] => Array
                (
                    [id] => 5
                    [name] => Спички
                    [price] => 0,10
                    [information] => Описание: Спички
                )

        )

)



### 27.08.2019 11:10:29
Array
(
    [catalog] => Array
        (
            [0] => Array
                (
                    [id] => 7
                    [name] => Грабли
                    [price] => 120
                    [information] => Грабли деревянные
                )

            [1] => Array
                (
                    [id] => 6
                    [name] => Лопата
                    [price] => 100
                    [information] => Лопата штыковая
                )

            [2] => Array
                (
                    [id] => 5
                    [name] => Спички
                    [price] => 0,10
                    [information] => Описание: Спички
                )

        )

)



### 27.08.2019 11:11:03
Array
(
    [catalog] => Array
        (
            [0] => Array
                (
                    [id] => 7
                    [name] => Грабли
                    [price] => 120
                    [information] => Грабли деревянные
                )

            [1] => Array
                (
                    [id] => 6
                    [name] => Лопата
                    [price] => 100
                    [information] => Лопата штыковая
                )

            [2] => Array
                (
                    [id] => 5
                    [name] => Спички
                    [price] => 0,10
                    [information] => Описание: Спички
                )

        )

)



### 27.08.2019 11:12:19
Array
(
    [catalog] => Array
        (
            [0] => Array
                (
                    [id] => 7
                    [name] => Грабли
                    [price] => 120
                    [information] => Грабли деревянные
                )

            [1] => Array
                (
                    [id] => 6
                    [name] => Лопата
                    [price] => 100
                    [information] => Лопата штыковая
                )

            [2] => Array
                (
                    [id] => 5
                    [name] => Спички
                    [price] => 0,10
                    [information] => Описание: Спички
                )

        )

)



### 27.08.2019 11:12:41
Array
(
    [catalog] => Array
        (
            [0] => Array
                (
                    [id] => 7
                    [name] => Грабли
                    [price] => 120
                    [information] => Грабли деревянные
                )

            [1] => Array
                (
                    [id] => 6
                    [name] => Лопата
                    [price] => 100
                    [information] => Лопата штыковая
                )

            [2] => Array
                (
                    [id] => 5
                    [name] => Спички
                    [price] => 0,10
                    [information] => Описание: Спички
                )

        )

)



### 27.08.2019 11:13:10
Array
(
    [catalog] => Array
        (
            [0] => Array
                (
                    [id] => 7
                    [name] => Грабли
                    [price] => 120
                    [information] => Грабли деревянные
                )

            [1] => Array
                (
                    [id] => 6
                    [name] => Лопата
                    [price] => 100
                    [information] => Лопата штыковая
                )

            [2] => Array
                (
                    [id] => 5
                    [name] => Спички
                    [price] => 0,10
                    [information] => Описание: Спички
                )

        )

)



