### 17.08.2019 20:55:27



### 17.08.2019 20:56:14
Array
(
    [catalog] => Array
        (
            [0] => Спички
            [1] => Метла
            [2] => Ведро
        )

)



### 19.08.2019 18:58:47
Array
(
    [catalog] => Array
        (
            [0] => Спички
            [1] => Метла
            [2] => Ведро
        )

)



### 19.08.2019 19:00:30
Array
(
    [catalog] => Array
        (
            [0] => Спички
            [1] => Метла
            [2] => Ведро
        )

)



### 19.08.2019 19:01:03
Array
(
    [catalog] => Array
        (
            [0] => Спички
            [1] => Метла
            [2] => Ведро
        )

)



### 19.08.2019 19:01:08
Array
(
    [catalog] => Array
        (
            [0] => Спички
            [1] => Метла
            [2] => Ведро
        )

)



### 19.08.2019 19:02:09
Array
(
    [catalog] => Array
        (
            [0] => Спички
            [1] => Метла
            [2] => Ведро
        )

)



### 19.08.2019 19:04:46
Array
(
    [catalog] => Array
        (
            [0] => Спички
            [1] => Метла
            [2] => Ведро
        )

)



### 19.08.2019 19:04:51
Array
(
    [catalog] => Array
        (
            [0] => Спички
            [1] => Метла
            [2] => Ведро
        )

)



### 19.08.2019 19:05:05
Array
(
    [catalog] => Array
        (
            [0] => Спички
            [1] => Метла
            [2] => Ведро
        )

)



### 19.08.2019 19:07:20
Array
(
    [catalog] => Array
        (
            [0] => Спички
            [1] => Метла
            [2] => Ведро
        )

)



### 19.08.2019 19:07:27
Array
(
    [catalog] => Array
        (
            [0] => Спички
            [1] => Метла
            [2] => Ведро
        )

)



### 19.08.2019 19:07:28
Array
(
    [catalog] => Array
        (
            [0] => Спички
            [1] => Метла
            [2] => Ведро
        )

)



### 19.08.2019 19:07:28
Array
(
    [catalog] => Array
        (
            [0] => Спички
            [1] => Метла
            [2] => Ведро
        )

)



### 19.08.2019 19:07:36
Array
(
    [catalog] => Array
        (
            [0] => Спички
            [1] => Метла
            [2] => Ведро
        )

)



### 19.08.2019 19:07:39
Array
(
    [catalog] => Array
        (
            [0] => Спички
            [1] => Метла
            [2] => Ведро
        )

)



### 19.08.2019 19:07:44
Array
(
    [catalog] => Array
        (
            [0] => Спички
            [1] => Метла
            [2] => Ведро
        )

)



### 19.08.2019 19:07:57
Array
(
    [catalog] => Array
        (
            [0] => Спички
            [1] => Метла
            [2] => Ведро
        )

)



### 19.08.2019 19:07:58
Array
(
    [catalog] => Array
        (
            [0] => Спички
            [1] => Метла
            [2] => Ведро
        )

)



### 19.08.2019 19:07:59
Array
(
    [catalog] => Array
        (
            [0] => Спички
            [1] => Метла
            [2] => Ведро
        )

)



### 19.08.2019 19:07:59
Array
(
    [catalog] => Array
        (
            [0] => Спички
            [1] => Метла
            [2] => Ведро
        )

)



### 19.08.2019 19:07:59
Array
(
    [catalog] => Array
        (
            [0] => Спички
            [1] => Метла
            [2] => Ведро
        )

)



### 19.08.2019 19:08:09
Array
(
    [catalog] => Array
        (
            [0] => Спички
            [1] => Метла
            [2] => Ведро
        )

)



### 19.08.2019 19:08:32
Array
(
    [catalog] => Array
        (
            [0] => Спички
            [1] => Метла
            [2] => Ведро
        )

)



### 19.08.2019 19:09:14
Array
(
    [catalog] => Array
        (
            [0] => Спички
            [1] => Метла
            [2] => Ведро
        )

)



### 19.08.2019 19:09:16
Array
(
    [catalog] => Array
        (
            [0] => Спички
            [1] => Метла
            [2] => Ведро
        )

)



### 19.08.2019 19:09:17
Array
(
    [catalog] => Array
        (
            [0] => Спички
            [1] => Метла
            [2] => Ведро
        )

)



### 19.08.2019 19:09:18
Array
(
    [catalog] => Array
        (
            [0] => Спички
            [1] => Метла
            [2] => Ведро
        )

)



### 19.08.2019 19:09:20
Array
(
    [catalog] => Array
        (
            [0] => Спички
            [1] => Метла
            [2] => Ведро
        )

)



### 19.08.2019 19:11:21
Array
(
    [catalog] => Array
        (
            [0] => Спички
            [1] => Метла
            [2] => Ведро
        )

)



### 19.08.2019 19:11:23
Array
(
    [catalog] => Array
        (
            [0] => Спички
            [1] => Метла
            [2] => Ведро
        )

)



### 19.08.2019 19:11:25
Array
(
    [catalog] => Array
        (
            [0] => Спички
            [1] => Метла
            [2] => Ведро
        )

)



### 19.08.2019 19:11:30
Array
(
    [catalog] => Array
        (
            [0] => Спички
            [1] => Метла
            [2] => Ведро
        )

)



### 19.08.2019 19:12:26
Array
(
    [catalog] => Array
        (
            [0] => Спички
            [1] => Метла
            [2] => Ведро
        )

)



### 19.08.2019 19:12:28
Array
(
    [catalog] => Array
        (
            [0] => Спички
            [1] => Метла
            [2] => Ведро
        )

)



### 19.08.2019 19:12:39
Array
(
    [catalog] => Array
        (
            [0] => Спички
            [1] => Метла
            [2] => Ведро
        )

)



### 19.08.2019 19:12:40
Array
(
    [catalog] => Array
        (
            [0] => Спички
            [1] => Метла
            [2] => Ведро
        )

)



### 19.08.2019 19:12:42
Array
(
    [catalog] => Array
        (
            [0] => Спички
            [1] => Метла
            [2] => Ведро
        )

)



### 19.08.2019 19:12:43
Array
(
    [catalog] => Array
        (
            [0] => Спички
            [1] => Метла
            [2] => Ведро
        )

)



### 19.08.2019 19:13:10
Array
(
    [catalog] => Array
        (
            [0] => Спички
            [1] => Метла
            [2] => Ведро
        )

)



### 19.08.2019 19:13:11
Array
(
    [catalog] => Array
        (
            [0] => Спички
            [1] => Метла
            [2] => Ведро
        )

)



### 19.08.2019 19:13:48
Array
(
    [catalog] => Array
        (
            [0] => Спички
            [1] => Метла
            [2] => Ведро
        )

)



### 19.08.2019 19:13:49
Array
(
    [catalog] => Array
        (
            [0] => Спички
            [1] => Метла
            [2] => Ведро
        )

)



### 19.08.2019 19:13:58
Array
(
    [catalog] => Array
        (
            [0] => Спички
            [1] => Метла
            [2] => Ведро
        )

)



### 19.08.2019 19:13:59
Array
(
    [catalog] => Array
        (
            [0] => Спички
            [1] => Метла
            [2] => Ведро
        )

)



### 19.08.2019 19:14:00
Array
(
    [catalog] => Array
        (
            [0] => Спички
            [1] => Метла
            [2] => Ведро
        )

)



### 19.08.2019 19:14:01
Array
(
    [catalog] => Array
        (
            [0] => Спички
            [1] => Метла
            [2] => Ведро
        )

)



### 19.08.2019 19:14:02
Array
(
    [catalog] => Array
        (
            [0] => Спички
            [1] => Метла
            [2] => Ведро
        )

)



### 19.08.2019 19:14:03
Array
(
    [catalog] => Array
        (
            [0] => Спички
            [1] => Метла
            [2] => Ведро
        )

)



### 19.08.2019 19:14:15
Array
(
    [catalog] => Array
        (
            [0] => Спички
            [1] => Метла
            [2] => Ведро
        )

)



### 19.08.2019 19:14:16
Array
(
    [catalog] => Array
        (
            [0] => Спички
            [1] => Метла
            [2] => Ведро
        )

)



### 19.08.2019 19:14:17
Array
(
    [catalog] => Array
        (
            [0] => Спички
            [1] => Метла
            [2] => Ведро
        )

)



### 19.08.2019 19:15:03
Array
(
    [catalog] => Array
        (
            [0] => Спички
            [1] => Метла
            [2] => Ведро
        )

)



### 19.08.2019 19:15:05
Array
(
    [catalog] => Array
        (
            [0] => Спички
            [1] => Метла
            [2] => Ведро
        )

)



### 19.08.2019 20:52:06
Array
(
    [catalog] => Array
        (
            [0] => Спички
            [1] => Метла
            [2] => Ведро
        )

)



### 19.08.2019 20:54:25
Array
(
    [catalog] => Array
        (
            [0] => Спички
            [1] => Метла
            [2] => Ведро
        )

)



### 19.08.2019 20:54:26
Array
(
    [catalog] => Array
        (
            [0] => Спички
            [1] => Метла
            [2] => Ведро
        )

)



### 19.08.2019 20:54:55
Array
(
    [catalog] => Array
        (
            [0] => Спички
            [1] => Метла
            [2] => Ведро
        )

)



### 19.08.2019 21:00:42
Array
(
    [catalog] => Array
        (
            [0] => Спички
            [1] => Метла
            [2] => Ведро
        )

)



### 19.08.2019 21:00:43
Array
(
    [catalog] => Array
        (
            [0] => Спички
            [1] => Метла
            [2] => Ведро
        )

)



### 19.08.2019 21:02:10
Array
(
    [catalog] => Array
        (
            [0] => Спички
            [1] => Метла
            [2] => Ведро
        )

)



### 19.08.2019 21:02:37
Array
(
    [catalog] => Array
        (
            [0] => Спички
            [1] => Метла
            [2] => Ведро
        )

)



### 19.08.2019 21:02:37
Array
(
    [catalog] => Array
        (
            [0] => Спички
            [1] => Метла
            [2] => Ведро
        )

)



### 19.08.2019 21:06:35
Array
(
    [catalog] => Array
        (
            [0] => Спички
            [1] => Метла
            [2] => Ведро
        )

)



### 19.08.2019 21:08:54
Array
(
    [catalog] => Array
        (
            [0] => Спички
            [1] => Метла
            [2] => Ведро
        )

)



### 19.08.2019 21:08:55
Array
(
    [catalog] => Array
        (
            [0] => Спички
            [1] => Метла
            [2] => Ведро
        )

)



### 19.08.2019 21:09:02
Array
(
    [catalog] => Array
        (
            [0] => Спички
            [1] => Метла
            [2] => Ведро
        )

)



### 19.08.2019 21:12:50
Array
(
    [catalog] => Array
        (
            [0] => Спички
            [1] => Метла
            [2] => Ведро
        )

)



### 19.08.2019 21:12:51
Array
(
    [catalog] => Array
        (
            [0] => Спички
            [1] => Метла
            [2] => Ведро
        )

)



### 19.08.2019 21:12:51
Array
(
    [catalog] => Array
        (
            [0] => Спички
            [1] => Метла
            [2] => Ведро
        )

)



### 19.08.2019 21:12:51
Array
(
    [catalog] => Array
        (
            [0] => Спички
            [1] => Метла
            [2] => Ведро
        )

)



### 19.08.2019 21:12:52
Array
(
    [catalog] => Array
        (
            [0] => Спички
            [1] => Метла
            [2] => Ведро
        )

)



### 19.08.2019 21:13:13
Array
(
    [catalog] => Array
        (
            [0] => Спички
            [1] => Метла
            [2] => Ведро
        )

)



### 19.08.2019 21:13:23
Array
(
    [catalog] => Array
        (
            [0] => Спички
            [1] => Метла
            [2] => Ведро
        )

)



### 19.08.2019 21:13:23
Array
(
    [catalog] => Array
        (
            [0] => Спички
            [1] => Метла
            [2] => Ведро
        )

)



### 19.08.2019 21:13:44
Array
(
    [catalog] => Array
        (
            [0] => Спички
            [1] => Метла
            [2] => Ведро
        )

)



### 19.08.2019 21:13:45
Array
(
    [catalog] => Array
        (
            [0] => Спички
            [1] => Метла
            [2] => Ведро
        )

)



### 19.08.2019 21:13:56
Array
(
    [catalog] => Array
        (
            [0] => Спички
            [1] => Метла
            [2] => Ведро
        )

)



### 19.08.2019 21:14:08
Array
(
    [catalog] => Array
        (
            [0] => Спички
            [1] => Метла
            [2] => Ведро
        )

)



### 19.08.2019 21:14:45
Array
(
    [catalog] => Array
        (
            [0] => Спички
            [1] => Метла
            [2] => Ведро
        )

)



### 19.08.2019 21:14:53
Array
(
    [catalog] => Array
        (
            [0] => Спички
            [1] => Метла
            [2] => Ведро
        )

)



### 19.08.2019 21:14:54
Array
(
    [catalog] => Array
        (
            [0] => Спички
            [1] => Метла
            [2] => Ведро
        )

)



### 19.08.2019 21:15:12
Array
(
    [catalog] => Array
        (
            [0] => Спички
            [1] => Метла
            [2] => Ведро
        )

)



### 19.08.2019 21:15:13
Array
(
    [catalog] => Array
        (
            [0] => Спички
            [1] => Метла
            [2] => Ведро
        )

)



### 19.08.2019 21:15:13
Array
(
    [catalog] => Array
        (
            [0] => Спички
            [1] => Метла
            [2] => Ведро
        )

)



### 19.08.2019 21:16:34
Array
(
    [catalog] => Array
        (
            [0] => Спички
            [1] => Метла
            [2] => Ведро
        )

)



### 19.08.2019 21:22:32
Array
(
    [catalog] => Array
        (
            [0] => Спички
            [1] => Метла
            [2] => Ведро
        )

)



### 19.08.2019 21:25:50
Array
(
    [catalog] => Array
        (
            [0] => Спички
            [1] => Метла
            [2] => Ведро
        )

)



### 19.08.2019 21:26:00
Array
(
    [catalog] => Array
        (
            [0] => Спички
            [1] => Метла
            [2] => Ведро
        )

)



### 19.08.2019 21:26:04
Array
(
    [catalog] => Array
        (
            [0] => Спички
            [1] => Метла
            [2] => Ведро
        )

)



### 19.08.2019 21:26:09
Array
(
    [catalog] => Array
        (
            [0] => Спички
            [1] => Метла
            [2] => Ведро
        )

)



### 19.08.2019 21:26:23
Array
(
    [catalog] => Array
        (
            [0] => Спички
            [1] => Метла
            [2] => Ведро
        )

)



### 19.08.2019 21:26:24
Array
(
    [catalog] => Array
        (
            [0] => Спички
            [1] => Метла
            [2] => Ведро
        )

)



### 19.08.2019 21:49:22
Array
(
    [catalog] => Array
        (
            [0] => Спички
            [1] => Метла
            [2] => Ведро
        )

)



### 19.08.2019 21:49:24
Array
(
    [catalog] => Array
        (
            [0] => Спички
            [1] => Метла
            [2] => Ведро
        )

)



### 19.08.2019 21:50:26
Array
(
    [catalog] => Array
        (
            [0] => Спички
            [1] => Метла
            [2] => Ведро
        )

)



### 19.08.2019 22:28:57
Array
(
    [catalog] => Array
        (
            [0] => Спички
            [1] => Метла
            [2] => Ведро
        )

)



### 19.08.2019 22:38:47
Array
(
    [catalog] => Array
        (
            [0] => Спички
            [1] => Метла
            [2] => Ведро
        )

)



### 19.08.2019 23:03:35
Array
(
    [catalog] => Array
        (
            [0] => Спички
            [1] => Метла
            [2] => Ведро
        )

)



### 19.08.2019 23:11:10
Array
(
    [catalog] => Array
        (
            [0] => Спички
            [1] => Метла
            [2] => Ведро
        )

)



### 19.08.2019 23:18:40
Array
(
    [catalog] => Array
        (
            [0] => Спички
            [1] => Метла
            [2] => Ведро
        )

)



### 19.08.2019 23:19:46
Array
(
    [catalog] => Array
        (
            [0] => Спички
            [1] => Метла
            [2] => Ведро
        )

)



### 19.08.2019 23:22:50
Array
(
    [catalog] => Array
        (
            [0] => Спички
            [1] => Метла
            [2] => Ведро
        )

)



### 19.08.2019 23:23:51
Array
(
    [catalog] => Array
        (
            [0] => Спички
            [1] => Метла
            [2] => Ведро
        )

)



### 19.08.2019 23:26:06
Array
(
    [catalog] => Array
        (
            [0] => Спички
            [1] => Метла
            [2] => Ведро
        )

)



### 19.08.2019 23:26:18
Array
(
    [catalog] => Array
        (
            [0] => Спички
            [1] => Метла
            [2] => Ведро
        )

)



### 19.08.2019 23:26:26
Array
(
    [catalog] => Array
        (
            [0] => Спички
            [1] => Метла
            [2] => Ведро
        )

)



### 19.08.2019 23:28:54
Array
(
    [catalog] => Array
        (
            [0] => Спички
            [1] => Метла
            [2] => Ведро
        )

)



### 19.08.2019 23:29:03
Array
(
    [catalog] => Array
        (
            [0] => Спички
            [1] => Метла
            [2] => Ведро
        )

)



### 19.08.2019 23:34:21
Array
(
    [catalog] => Array
        (
            [0] => Спички
            [1] => Метла
            [2] => Ведро
        )

)



### 19.08.2019 23:34:22
Array
(
    [catalog] => Array
        (
            [0] => Спички
            [1] => Метла
            [2] => Ведро
        )

)



### 19.08.2019 23:34:33
Array
(
    [catalog] => Array
        (
            [0] => Спички
            [1] => Метла
            [2] => Ведро
        )

)



### 20.08.2019 07:06:29
Array
(
    [catalog] => Array
        (
            [0] => Спички
            [1] => Метла
            [2] => Ведро
        )

)



### 23.08.2019 20:26:26
Array
(
    [catalog] => Array
        (
            [0] => Спички
            [1] => Метла
            [2] => Ведро
        )

)



### 23.08.2019 22:29:39
Array
(
    [catalog] => Array
        (
            [0] => Спички
            [1] => Метла
            [2] => Ведро
        )

)



### 23.08.2019 22:29:40
Array
(
    [catalog] => Array
        (
            [0] => Спички
            [1] => Метла
            [2] => Ведро
        )

)



### 23.08.2019 22:29:43
Array
(
    [catalog] => Array
        (
            [0] => Спички
            [1] => Метла
            [2] => Ведро
        )

)



### 23.08.2019 22:38:24
Array
(
    [catalog] => Array
        (
            [0] => Спички
            [1] => Метла
            [2] => Ведро
        )

)



### 23.08.2019 22:40:54
Array
(
    [catalog] => Array
        (
            [0] => Спички
            [1] => Метла
            [2] => Ведро
        )

)



### 23.08.2019 23:05:46
Array
(
    [catalog] => Array
        (
            [0] => Спички
            [1] => Метла
            [2] => Ведро
        )

)



### 23.08.2019 23:11:17
Array
(
    [catalog] => Array
        (
            [0] => Спички
            [1] => Метла
            [2] => Ведро
        )

)



### 23.08.2019 23:15:31
Array
(
    [catalog] => Array
        (
            [0] => Спички
            [1] => Метла
            [2] => Ведро
        )

)



### 23.08.2019 23:21:58
Array
(
    [catalog] => Array
        (
            [0] => Спички
            [1] => Метла
            [2] => Ведро
        )

)



### 23.08.2019 23:37:14
Array
(
    [catalog] => Array
        (
            [0] => Спички
            [1] => Метла
            [2] => Ведро
        )

)



### 24.08.2019 06:52:02
Array
(
    [catalog] => Array
        (
            [0] => Спички
            [1] => Метла
            [2] => Ведро
        )

)



### 24.08.2019 06:58:00
Array
(
    [catalog] => Array
        (
            [0] => Спички
            [1] => Метла
            [2] => Ведро
        )

)



### 24.08.2019 07:12:05
Array
(
    [catalog] => Array
        (
            [0] => Спички
            [1] => Метла
            [2] => Ведро
        )

)



### 24.08.2019 07:12:42
Array
(
    [catalog] => Array
        (
            [0] => Спички
            [1] => Метла
            [2] => Ведро
        )

)



### 24.08.2019 07:24:01
Array
(
    [catalog] => Array
        (
            [0] => Спички
            [1] => Метла
            [2] => Ведро
        )

)



### 24.08.2019 07:34:45
Array
(
    [catalog] => Array
        (
            [0] => Спички
            [1] => Метла
            [2] => Ведро
        )

)



### 24.08.2019 07:58:43
Array
(
    [catalog] => Array
        (
            [0] => Спички
            [1] => Метла
            [2] => Ведро
        )

)



### 24.08.2019 08:26:20
Array
(
    [catalog] => Array
        (
            [0] => Спички
            [1] => Метла
            [2] => Ведро
        )

)



